<?xml version="1.0" encoding="UTF-8" ?>
<testsuite failures="0" time="5.375" errors="0" skipped="0" tests="2" name="TestSuite">
  <properties>
    <property name="java.runtime.name" value="Java(TM) SE Runtime Environment"/>
    <property name="sun.boot.library.path" value="/System/Library/Java/JavaVirtualMachines/1.6.0.jdk/Contents/Libraries"/>
    <property name="java.vm.version" value="20.65-b04-466.1"/>
    <property name="awt.nativeDoubleBuffering" value="true"/>
    <property name="gopherProxySet" value="false"/>
    <property name="mrj.build" value="11M4716"/>
    <property name="java.vm.vendor" value="Apple Inc."/>
    <property name="java.vendor.url" value="http://www.apple.com/"/>
    <property name="path.separator" value=":"/>
    <property name="java.vm.name" value="Java HotSpot(TM) 64-Bit Server VM"/>
    <property name="file.encoding.pkg" value="sun.io"/>
    <property name="user.country" value="US"/>
    <property name="sun.java.launcher" value="SUN_STANDARD"/>
    <property name="sun.os.patch.level" value="unknown"/>
    <property name="java.vm.specification.name" value="Java Virtual Machine Specification"/>
    <property name="user.dir" value="/Users/rochester/Desktop/jasperserver-simple-java-rest-client-master"/>
    <property name="java.runtime.version" value="1.6.0_65-b14-466.1-11M4716"/>
    <property name="java.awt.graphicsenv" value="apple.awt.CGraphicsEnvironment"/>
    <property name="basedir" value="/Users/rochester/Desktop/jasperserver-simple-java-rest-client-master"/>
    <property name="java.endorsed.dirs" value="/System/Library/Java/JavaVirtualMachines/1.6.0.jdk/Contents/Home/lib/endorsed"/>
    <property name="os.arch" value="x86_64"/>
    <property name="surefire.real.class.path" value="/Users/rochester/Desktop/jasperserver-simple-java-rest-client-master/target/surefire/surefirebooter5946687740068464416.jar"/>
    <property name="java.io.tmpdir" value="/var/folders/nh/s4ydhx1s74n3rrc5gfrr2l6w0000gn/T/"/>
    <property name="line.separator" value="
"/>
    <property name="java.vm.specification.vendor" value="Sun Microsystems Inc."/>
    <property name="os.name" value="Mac OS X"/>
    <property name="sun.jnu.encoding" value="MacRoman"/>
    <property name="java.library.path" value=".:/Library/Java/Extensions:/System/Library/Java/Extensions:/usr/lib/java"/>
    <property name="surefire.test.class.path" value="/Users/rochester/Desktop/jasperserver-simple-java-rest-client-master/target/test-classes:/Users/rochester/Desktop/jasperserver-simple-java-rest-client-master/target/classes:/Users/rochester/.m2/repository/com/sun/jersey/jersey-client/1.12/jersey-client-1.12.jar:/Users/rochester/.m2/repository/com/sun/jersey/jersey-core/1.12/jersey-core-1.12.jar:/Users/rochester/.m2/repository/com/sun/jersey/contribs/jersey-apache-client/1.12/jersey-apache-client-1.12.jar:/Users/rochester/.m2/repository/commons-httpclient/commons-httpclient/3.1/commons-httpclient-3.1.jar:/Users/rochester/.m2/repository/commons-logging/commons-logging/1.0.4/commons-logging-1.0.4.jar:/Users/rochester/.m2/repository/commons-codec/commons-codec/1.2/commons-codec-1.2.jar:/Users/rochester/.m2/repository/commons-lang/commons-lang/2.6/commons-lang-2.6.jar:/Users/rochester/.m2/repository/commons-io/commons-io/2.2/commons-io-2.2.jar:/Users/rochester/.m2/repository/dom4j/dom4j/1.6.1/dom4j-1.6.1.jar:/Users/rochester/.m2/repository/xom/xom/1.2.5/xom-1.2.5.jar:/Users/rochester/.m2/repository/xml-apis/xml-apis/1.3.03/xml-apis-1.3.03.jar:/Users/rochester/.m2/repository/xerces/xercesImpl/2.8.0/xercesImpl-2.8.0.jar:/Users/rochester/.m2/repository/xalan/xalan/2.7.0/xalan-2.7.0.jar:/Users/rochester/.m2/repository/jaxen/jaxen/1.1.3/jaxen-1.1.3.jar:/Users/rochester/.m2/repository/jdom/jdom/1.0/jdom-1.0.jar:/Users/rochester/.m2/repository/org/slf4j/slf4j-api/1.6.1/slf4j-api-1.6.1.jar:/Users/rochester/.m2/repository/org/testng/testng/5.12.1/testng-5.12.1.jar:/Users/rochester/.m2/repository/junit/junit/3.8.1/junit-3.8.1.jar:/Users/rochester/.m2/repository/org/slf4j/slf4j-log4j12/1.6.1/slf4j-log4j12-1.6.1.jar:/Users/rochester/.m2/repository/log4j/log4j/1.2.16/log4j-1.2.16.jar:/Users/rochester/.m2/repository/org/apache/maven/surefire/surefire-testng-utils/2.8.1/surefire-testng-utils-2.8.1.jar:"/>
    <property name="java.specification.name" value="Java Platform API Specification"/>
    <property name="java.class.version" value="50.0"/>
    <property name="sun.management.compiler" value="HotSpot 64-Bit Tiered Compilers"/>
    <property name="os.version" value="10.8.4"/>
    <property name="http.nonProxyHosts" value="local|*.local|169.254/16|*.169.254/16"/>
    <property name="user.home" value="/Users/rochester"/>
    <property name="user.timezone" value="America/Bogota"/>
    <property name="java.awt.printerjob" value="apple.awt.CPrinterJob"/>
    <property name="java.specification.version" value="1.6"/>
    <property name="file.encoding" value="MacRoman"/>
    <property name="user.name" value="rochester"/>
    <property name="java.class.path" value="/Users/rochester/Desktop/jasperserver-simple-java-rest-client-master/target/test-classes:/Users/rochester/Desktop/jasperserver-simple-java-rest-client-master/target/classes:/Users/rochester/.m2/repository/com/sun/jersey/jersey-client/1.12/jersey-client-1.12.jar:/Users/rochester/.m2/repository/com/sun/jersey/jersey-core/1.12/jersey-core-1.12.jar:/Users/rochester/.m2/repository/com/sun/jersey/contribs/jersey-apache-client/1.12/jersey-apache-client-1.12.jar:/Users/rochester/.m2/repository/commons-httpclient/commons-httpclient/3.1/commons-httpclient-3.1.jar:/Users/rochester/.m2/repository/commons-logging/commons-logging/1.0.4/commons-logging-1.0.4.jar:/Users/rochester/.m2/repository/commons-codec/commons-codec/1.2/commons-codec-1.2.jar:/Users/rochester/.m2/repository/commons-lang/commons-lang/2.6/commons-lang-2.6.jar:/Users/rochester/.m2/repository/commons-io/commons-io/2.2/commons-io-2.2.jar:/Users/rochester/.m2/repository/dom4j/dom4j/1.6.1/dom4j-1.6.1.jar:/Users/rochester/.m2/repository/xom/xom/1.2.5/xom-1.2.5.jar:/Users/rochester/.m2/repository/xml-apis/xml-apis/1.3.03/xml-apis-1.3.03.jar:/Users/rochester/.m2/repository/xerces/xercesImpl/2.8.0/xercesImpl-2.8.0.jar:/Users/rochester/.m2/repository/xalan/xalan/2.7.0/xalan-2.7.0.jar:/Users/rochester/.m2/repository/jaxen/jaxen/1.1.3/jaxen-1.1.3.jar:/Users/rochester/.m2/repository/jdom/jdom/1.0/jdom-1.0.jar:/Users/rochester/.m2/repository/org/slf4j/slf4j-api/1.6.1/slf4j-api-1.6.1.jar:/Users/rochester/.m2/repository/org/testng/testng/5.12.1/testng-5.12.1.jar:/Users/rochester/.m2/repository/junit/junit/3.8.1/junit-3.8.1.jar:/Users/rochester/.m2/repository/org/slf4j/slf4j-log4j12/1.6.1/slf4j-log4j12-1.6.1.jar:/Users/rochester/.m2/repository/log4j/log4j/1.2.16/log4j-1.2.16.jar:/Users/rochester/.m2/repository/org/apache/maven/surefire/surefire-testng-utils/2.8.1/surefire-testng-utils-2.8.1.jar:"/>
    <property name="java.vm.specification.version" value="1.0"/>
    <property name="sun.arch.data.model" value="64"/>
    <property name="java.home" value="/System/Library/Java/JavaVirtualMachines/1.6.0.jdk/Contents/Home"/>
    <property name="sun.java.command" value="/Users/rochester/Desktop/jasperserver-simple-java-rest-client-master/target/surefire/surefirebooter5946687740068464416.jar /Users/rochester/Desktop/jasperserver-simple-java-rest-client-master/target/surefire/surefire6413551692252628631tmp /Users/rochester/Desktop/jasperserver-simple-java-rest-client-master/target/surefire/surefire8691970450853591860tmp"/>
    <property name="java.specification.vendor" value="Sun Microsystems Inc."/>
    <property name="user.language" value="en"/>
    <property name="awt.toolkit" value="apple.awt.CToolkit"/>
    <property name="java.vm.info" value="mixed mode"/>
    <property name="java.version" value="1.6.0_65"/>
    <property name="java.ext.dirs" value="/Library/Java/Extensions:/System/Library/Java/Extensions:/System/Library/Java/JavaVirtualMachines/1.6.0.jdk/Contents/Home/lib/ext"/>
    <property name="sun.boot.class.path" value="/System/Library/Java/JavaVirtualMachines/1.6.0.jdk/Contents/Classes/jsfd.jar:/System/Library/Java/JavaVirtualMachines/1.6.0.jdk/Contents/Classes/classes.jar:/System/Library/Frameworks/JavaVM.framework/Frameworks/JavaRuntimeSupport.framework/Resources/Java/JavaRuntimeSupport.jar:/System/Library/Java/JavaVirtualMachines/1.6.0.jdk/Contents/Classes/ui.jar:/System/Library/Java/JavaVirtualMachines/1.6.0.jdk/Contents/Classes/laf.jar:/System/Library/Java/JavaVirtualMachines/1.6.0.jdk/Contents/Classes/sunrsasign.jar:/System/Library/Java/JavaVirtualMachines/1.6.0.jdk/Contents/Classes/jsse.jar:/System/Library/Java/JavaVirtualMachines/1.6.0.jdk/Contents/Classes/jce.jar:/System/Library/Java/JavaVirtualMachines/1.6.0.jdk/Contents/Classes/charsets.jar"/>
    <property name="java.vendor" value="Apple Inc."/>
    <property name="localRepository" value="/Users/rochester/.m2/repository"/>
    <property name="file.separator" value="/"/>
    <property name="java.vendor.url.bug" value="http://bugreport.apple.com/"/>
    <property name="sun.cpu.endian" value="little"/>
    <property name="sun.io.unicode.encoding" value="UnicodeLittle"/>
    <property name="mrj.version" value="1070.1.6.0_65-466.1"/>
    <property name="socksNonProxyHosts" value="local|*.local|169.254/16|*.169.254/16"/>
    <property name="ftp.nonProxyHosts" value="local|*.local|169.254/16|*.169.254/16"/>
    <property name="sun.cpu.isalist" value=""/>
  </properties>
  <testcase time="3.151" classname="com.gkudos.jasperserver.client.JasperserverRestClientTest" name="testGetBigReportAsExcelFile"/>
  <testcase time="1.482" classname="com.gkudos.jasperserver.client.JasperserverRestClientTest" name="testGetReportAsFile"/>
</testsuite>